Determining if the pthread_create exist failed with the following output:
Change Dir: /home/lj/ros/qt_ros_test/devel/CMakeFiles/CMakeTmp

Run Build Command:"/usr/bin/make" "cmTC_87a0f/fast"
/usr/bin/make -f CMakeFiles/cmTC_87a0f.dir/build.make CMakeFiles/cmTC_87a0f.dir/build
make[1]: 进入目录“/home/lj/ros/qt_ros_test/devel/CMakeFiles/CMakeTmp”
Building C object CMakeFiles/cmTC_87a0f.dir/CheckSymbolExists.c.o
/usr/bin/gcc    -o CMakeFiles/cmTC_87a0f.dir/CheckSymbolExists.c.o   -c /home/lj/ros/qt_ros_test/devel/CMakeFiles/CMakeTmp/CheckSymbolExists.c
Linking C executable cmTC_87a0f
/usr/bin/cmake -E cmake_link_script CMakeFiles/cmTC_87a0f.dir/link.txt --verbose=1
/usr/bin/gcc      -rdynamic CMakeFiles/cmTC_87a0f.dir/CheckSymbolExists.c.o  -o cmTC_87a0f 
CMakeFiles/cmTC_87a0f.dir/CheckSymbolExists.c.o：在函数‘main’中：
CheckSymbolExists.c:(.text+0x1b)：对‘pthread_create’未定义的引用
collect2: error: ld returned 1 exit status
CMakeFiles/cmTC_87a0f.dir/build.make:97: recipe for target 'cmTC_87a0f' failed
make[1]: *** [cmTC_87a0f] Error 1
make[1]: 离开目录“/home/lj/ros/qt_ros_test/devel/CMakeFiles/CMakeTmp”
Makefile:126: recipe for target 'cmTC_87a0f/fast' failed
make: *** [cmTC_87a0f/fast] Error 2

File /home/lj/ros/qt_ros_test/devel/CMakeFiles/CMakeTmp/CheckSymbolExists.c:
/* */
#include <pthread.h>

int main(int argc, char** argv)
{
  (void)argv;
#ifndef pthread_create
  return ((int*)(&pthread_create))[argc];
#else
  (void)argc;
  return 0;
#endif
}

Determining if the function pthread_create exists in the pthreads failed with the following output:
Change Dir: /home/lj/ros/qt_ros_test/devel/CMakeFiles/CMakeTmp

Run Build Command:"/usr/bin/make" "cmTC_47d41/fast"
/usr/bin/make -f CMakeFiles/cmTC_47d41.dir/build.make CMakeFiles/cmTC_47d41.dir/build
make[1]: 进入目录“/home/lj/ros/qt_ros_test/devel/CMakeFiles/CMakeTmp”
Building C object CMakeFiles/cmTC_47d41.dir/CheckFunctionExists.c.o
/usr/bin/gcc   -DCHECK_FUNCTION_EXISTS=pthread_create   -o CMakeFiles/cmTC_47d41.dir/CheckFunctionExists.c.o   -c /usr/share/cmake-3.10/Modules/CheckFunctionExists.c
Linking C executable cmTC_47d41
/usr/bin/cmake -E cmake_link_script CMakeFiles/cmTC_47d41.dir/link.txt --verbose=1
/usr/bin/gcc  -DCHECK_FUNCTION_EXISTS=pthread_create    -rdynamic CMakeFiles/cmTC_47d41.dir/CheckFunctionExists.c.o  -o cmTC_47d41 -lpthreads 
/usr/bin/ld: 找不到 -lpthreads
collect2: error: ld returned 1 exit status
CMakeFiles/cmTC_47d41.dir/build.make:97: recipe for target 'cmTC_47d41' failed
make[1]: *** [cmTC_47d41] Error 1
make[1]: 离开目录“/home/lj/ros/qt_ros_test/devel/CMakeFiles/CMakeTmp”
Makefile:126: recipe for target 'cmTC_47d41/fast' failed
make: *** [cmTC_47d41/fast] Error 2


